# JRE version: OpenJDK Runtime Environment (11.0.11+9) (build 11.0.11+9-Ubuntu-0ubuntu2.20.04)
# Java VM: OpenJDK 64-Bit Server VM (11.0.11+9-Ubuntu-0ubuntu2.20.04, mixed mode, sharing, tiered, compressed oops, g1 gc, linux-amd64)
Heap:
 garbage-first heap   total 225280K, used 17780K [0x0000000726200000, 0x0000000800000000)
  region size 1024K, 12 young (12288K), 2 survivors (2048K)
 Metaspace       used 24460K, capacity 25412K, committed 25776K, reserved 1071104K
  class space    used 3068K, capacity 3484K, committed 3584K, reserved 1048576K
GC Heap History (6 events):
Event: 0,726 GC heap before
{Heap before GC invocations=0 (full 0):
 garbage-first heap   total 225280K, used 25288K [0x0000000726200000, 0x0000000800000000)
  region size 1024K, 24 young (24576K), 0 survivors (0K)
 Metaspace       used 15215K, capacity 15850K, committed 16128K, reserved 1062912K
  class space    used 1909K, capacity 2205K, committed 2304K, reserved 1048576K
}
Event: 0,735 GC heap after
{Heap after GC invocations=1 (full 0):
 garbage-first heap   total 225280K, used 8059K [0x0000000726200000, 0x0000000800000000)
  region size 1024K, 3 young (3072K), 3 survivors (3072K)
 Metaspace       used 15215K, capacity 15850K, committed 16128K, reserved 1062912K
  class space    used 1909K, capacity 2205K, committed 2304K, reserved 1048576K
}
Event: 0,959 GC heap before
{Heap before GC invocations=1 (full 0):
 garbage-first heap   total 225280K, used 15227K [0x0000000726200000, 0x0000000800000000)
  region size 1024K, 10 young (10240K), 3 survivors (3072K)
 Metaspace       used 17463K, capacity 18179K, committed 18432K, reserved 1064960K
  class space    used 2151K, capacity 2460K, committed 2560K, reserved 1048576K
}
Event: 0,964 GC heap after
{Heap after GC invocations=2 (full 0):
 garbage-first heap   total 225280K, used 9000K [0x0000000726200000, 0x0000000800000000)
  region size 1024K, 1 young (1024K), 1 survivors (1024K)
 Metaspace       used 17463K, capacity 18179K, committed 18432K, reserved 1064960K
  class space    used 2151K, capacity 2460K, committed 2560K, reserved 1048576K
}
Event: 1,235 GC heap before
{Heap before GC invocations=2 (full 0):
 garbage-first heap   total 225280K, used 18216K [0x0000000726200000, 0x0000000800000000)
  region size 1024K, 11 young (11264K), 1 survivors (1024K)
 Metaspace       used 20346K, capacity 21234K, committed 21296K, reserved 1067008K
  class space    used 2507K, capacity 2903K, committed 2944K, reserved 1048576K
}
Event: 1,238 GC heap after
{Heap after GC invocations=3 (full 0):
 garbage-first heap   total 225280K, used 9588K [0x0000000726200000, 0x0000000800000000)
  region size 1024K, 2 young (2048K), 2 survivors (2048K)
 Metaspace       used 20346K, capacity 21234K, committed 21296K, reserved 1067008K
  class space    used 2507K, capacity 2903K, committed 2944K, reserved 1048576K
}

